Running SLURM prolog script on ruby045.cluster.local
===============================================================================
Job started on Wed Jul 20 14:15:50 BST 2022
Job ID          : 1617433
Job name        : analysis
WorkDir         : /ssdfs/users/jmom1n15/phase_shift
Command         : /ssdfs/users/jmom1n15/phase_shift/analysis/analysisSub
Partition       : amd
Num hosts       : 1
Num cores       : 4
Num of tasks    : 4
Hosts allocated : ruby045
Job Output Follows ...
===============================================================================
16x16 has a np binary
==============================================================================
Running epilogue script on ruby045.

Submit time  : 2022-07-20T14:15:34
Start time   : 2022-07-20T14:16:24
End time     : 2022-07-20T14:16:26
Elapsed time : 00:00:02 (Timelimit=00:10:00)

Job ID: 1617433
Cluster: i5
User/Group: jmom1n15/mm
State: COMPLETED (exit code 0)
Nodes: 1
Cores per node: 4
CPU Utilized: 00:00:01
CPU Efficiency: 12.50% of 00:00:08 core-walltime
Job Wall-clock time: 00:00:02
Memory Utilized: 2.34 MB
Memory Efficiency: 0.02% of 14.06 GB

